    95215.40625000000       95215.39843750000     Reject decdays
    95219.03125000000       95219.10156250000     Reject decdays
    95220.02343750000       95220.25000000000     Reject decdays
    95226.03906250000       95226.20312500000     Reject decdays
    95226.36718750000       95227.05468750000     Reject decdays
    95227.05468750000       95227.24218750000     Reject decdays
    95229.23437500000       95229.25781250000     Reject decdays
    95231.07812500000       95231.23437500000     Reject decdays
    95253.05468750000       95253.11718750000     Reject decdays
    95259.03125000000       95259.23437500000     Reject decdays
    95260.03125000000       95260.25000000000     Reject decdays
    95263.03125000000       95263.26562500000     Reject decdays
   -999.0000000000000      -999.0000000000000    
    95000.00       95232.00      0.0000000E+00 day calibration interval, d_dBZ  
    95232.00       95243.00       3.300000     day calibration interval, d_dBZ  
    95243.00       95999.00      0.0000000E+00 day calibration interval, d_dBZ  
   -999.0000      -999.0000      0.0000000E+00 day calibration interval, d_dBZ  
 LAT & LONG =    28.113   -80.654                                               
 YEAR=  95  DAY=213 TIME=13:22  -  YEAR=  95  DAY=273 TIME= 6:52
 0.034 1000.0  303.0  295.0    1.5
 NPAR=       10
 INTERVALS=    1  1  1  1  1  1  2  1  1  1
 Range:           0.000   999.000                                               
 BBF:             0.000     1.000                                               
 EE:              0.000     1.000                                               
 RGB:             0.000    55.000                                               
 HF:          -9999.000  9999.000                                               
 RGF:             0.000   999.000                                               
 RGVL:        -9999.000     0.000  9999.000                                     
 RGVH:        -9999.000  9999.000                                               
 CS:              0.000     2.000                                               
 RTYPE:           0.000    10.000                                               
 Range:           0.000   999.000     0.000   999.000
 BBF:             0.000     1.000     0.000     1.000
 EE:              0.000     1.000     0.000     1.000
 RGB:             0.000    55.000     0.000    55.000
 HF:          -9999.000  9999.000 -9999.000  9999.000
 RGF:             0.000   999.000     0.000   999.000
 RGVL:        -9999.000     0.000     0.000  9999.000
 RGVH:        -9999.000  9999.000 -9999.000  9999.000
 CS:              0.000     2.000     0.000     2.000
 RTYPE:           0.000    10.000     0.000    10.000
          0.1       0.0     12557       0.0      4526
          0.2       0.0     12577       0.0      4531
          0.3       0.0     12593       0.0      4538
          0.4       0.0     12602       0.0      4541
          0.5       0.0     12633       0.0      4546
          0.6       0.0     12662       0.0      4562
          0.7       0.0     12682       0.0      4566
          0.8       0.0     12710       0.0      4568
          0.9       0.0     12727       0.0      4573
          1.0       0.0     12758       0.0      4582
          1.1       0.0     12797       0.0      4599
          1.2       0.0     12822       0.0      4604
          1.3       0.0     12845       0.0      4608
          1.4       0.0     12859       0.0      4611
          1.5       0.0     12890       0.0      4621
          1.6       0.0     12938       0.0      4632
          1.7       0.0     12966       0.0      4633
          1.8       0.0     12989       0.0      4637
          1.9       0.0     13009       0.0      4642
          2.0       0.0     13040       0.0      4650
          2.1       0.0     13084       0.0      4664
          2.2       0.0     13105       0.0      4672
          2.3       0.0     13123       0.0      4679
          2.4       0.0     13145       0.0      4686
          2.5       0.0     13195       0.0      4701
          2.6       0.0     13241       0.0      4721
          2.7       0.0     13267       0.0      4722
          2.8       0.0     13293       0.0      4726
          2.9       0.0     13313       0.0      4732
          3.0       0.0     13361       0.0      4738
          3.1       0.0     13423       0.0      4765
          3.2       0.0     13448       0.0      4777
          3.3       0.0     13479       0.0      4784
          3.4       0.0     13504       0.0      4789
          3.5       0.0     13566       0.0      4797
          3.6       0.0     13659       0.0      4824
          3.7       0.0     13709       0.0      4836
          3.8       0.0     13771       0.0      4846
          3.9       0.0     13828       0.0      4857
          4.0       0.0     13909       0.0      4876
          4.1       0.0     13996       0.0      4896
          4.2       0.0     14051       0.0      4904
          4.3       0.0     14111       0.0      4920
          4.4       0.0     14171       0.0      4930
          4.5       0.0     14252       0.0      4942
          4.6       0.0     14338       0.0      4981
          4.7       0.0     14366       0.0      4986
          4.8       0.0     14419       0.0      5001
          4.9       0.0     14474       0.0      5015
          5.0       0.0     14567       0.0      5041
          5.1       0.0     14668       0.0      5077
          5.2       0.0     14723       0.0      5098
          5.3       0.0     14795       0.0      5120
          5.4       0.0     14843       0.0      5131
          5.5       0.0     14937       0.0      5147
          5.6       0.0     15049       0.0      5193
          5.7       0.0     15103       0.0      5210
          5.8       0.0     15176       0.0      5233
          5.9       0.0     15246       0.0      5247
          6.0       0.0     15332       0.0      5263
          6.1       0.0     15452       0.0      5300
          6.2       0.0     15494       0.0      5325
          6.3       0.0     15565       0.0      5337
          6.4       0.0     15632       0.0      5359
          6.5       0.0     15733       0.0      5385
          6.6       0.0     15877       0.0      5424
          6.7       0.0     15934       0.0      5439
          6.8       0.0     16017       0.0      5468
          6.9       0.0     16096       0.0      5485
          7.0       0.0     16215       0.0      5504
          7.1       0.0     16366       0.0      5548
          7.2       0.0     16415       0.0      5568
          7.3       0.0     16489       0.0      5593
          7.4       0.0     16575       0.0      5616
          7.5       0.0     16694       0.0      5644
          7.6       0.0     16834       0.0      5684
          7.7       0.0     16903       0.0      5698
          7.8       0.0     16989       0.0      5713
          7.9       0.0     17067       0.0      5736
          8.0       0.0     17160       0.0      5761
          8.1       0.0     17284       0.0      5817
          8.2       0.0     17343       0.0      5832
          8.3       0.0     17405       0.0      5846
          8.4       0.0     17486       0.0      5871
          8.5       0.0     17575       0.0      5902
          8.6       0.0     17716       0.0      5944
          8.7       0.0     17786       0.0      5957
          8.8       0.0     17856       0.0      5976
          8.9       0.0     17947       0.0      6007
          9.0       0.0     18059       0.0      6031
          9.1       0.0     18213       0.0      6085
          9.2       0.0     18266       0.0      6106
          9.3       0.0     18347       0.0      6128
          9.4       0.0     18434       0.0      6151
          9.5       0.0     18546       0.0      6169
          9.6       0.0     18687       0.0      6217
          9.7       0.0     18751       0.0      6237
          9.8       0.0     18840       0.0      6258
          9.9       0.0     18931       0.0      6289
         10.0       0.0     19033       0.0      6313
         10.1       0.0     19180       0.0      6355
         10.2       0.0     19258       0.0      6376
         10.3       0.0     19330       0.0      6397
         10.4       0.0     19432       0.0      6419
         10.5       0.0     19536       0.0      6445
         10.6       0.0     19670       0.0      6475
         10.7       0.0     19735       0.0      6491
         10.8       0.0     19808       0.0      6506
         10.9       0.0     19895       0.0      6534
         11.0       0.0     20000       0.0      6554
         11.1       0.0     20144       0.0      6595
         11.2       0.0     20208       0.0      6614
         11.3       0.0     20272       0.0      6629
         11.4       0.0     20368       0.0      6652
         11.5       0.0     20456       0.0      6676
         11.6       0.0     20579       0.0      6718
         11.7       0.0     20644       0.0      6736
         11.8       0.0     20723       0.0      6759
         11.9       0.0     20817       0.0      6781
         12.0       0.0     20902       0.0      6797
         12.1       0.0     21068       0.0      6850
         12.2       0.0     21137       0.0      6872
         12.3       0.0     21221       0.0      6887
         12.4       0.0     21327       0.0      6911
         12.5       0.0     21420       0.0      6931
         12.6       0.0     21571       0.0      6966
         12.7       0.0     21653       0.0      6989
         12.8       0.0     21736       0.0      7012
         12.9       0.0     21813       0.0      7033
         13.0       0.0     21919       0.0      7063
         13.1       0.0     22041       0.0      7102
         13.2       0.0     22099       0.0      7117
         13.3       0.0     22166       0.0      7142
         13.4       0.0     22259       0.0      7175
         13.5       0.0     22334       0.0      7199
         13.6       0.0     22456       0.0      7230
         13.7       0.0     22534       0.0      7248
         13.8       0.0     22607       0.0      7270
         13.9       0.0     22707       0.0      7297
         14.0       0.0     22795       0.0      7329
         14.1       0.0     22921       0.0      7368
         14.2       0.0     22987       0.0      7383
         14.3       0.0     23059       0.0      7402
         14.4       0.0     23158       0.0      7431
         14.5       0.0     23242       0.0      7454
         14.6       0.0     23363       0.0      7500
         14.7       0.0     23426       0.0      7517
         14.8       0.0     23518       0.0      7538
         14.9       0.0     23624       0.0      7562
         15.0       0.0     23721       0.0      7580
         15.1       0.0     23862       0.0      7623
         15.2       0.0     23920       0.0      7640
         15.3       0.0     24010       0.0      7664
         15.4       0.0     24103       0.0      7689
         15.5       0.0     24186       0.0      7705
         15.6       0.0     24311       0.0      7752
         15.7       0.0     24379       0.0      7773
         15.8       0.0     24464       0.0      7799
         15.9       0.0     24589       0.0      7818
         16.0       0.0     24668       0.0      7838
         16.1       0.0     24775       0.0      7876
         16.2       0.0     24828       0.0      7899
         16.3       0.0     24910       0.0      7915
         16.4       0.0     24996       0.0      7945
         16.5       0.0     25067       0.0      7958
         16.6       0.0     25167       0.0      8002
         16.7       0.0     25234       0.0      8018
         16.8       0.0     25328       0.0      8038
         16.9       0.0     25413       0.0      8069
         17.0       0.0     25488       0.0      8081
         17.1       0.0     25594       0.0      8122
         17.2       0.0     25652       0.0      8141
         17.3       0.0     25711       0.0      8161
         17.4       0.0     25796       0.0      8184
         17.5       0.0     25866       0.0      8205
         17.6       0.0     25992       0.0      8233
         17.7       0.0     26046       0.0      8255
         17.8       0.0     26129       0.0      8274
         17.9       0.0     26215       0.0      8299
         18.0       0.0     26282       0.0      8318
         18.1       0.0     26373       0.0      8357
         18.2       0.0     26432       0.0      8376
         18.3       0.0     26491       0.0      8391
         18.4       0.0     26572       0.0      8414
         18.5       0.0     26642       0.0      8435
         18.6       0.0     26748       0.0      8468
         18.7       0.0     26809       0.0      8485
         18.8       0.0     26888       0.0      8504
         18.9       0.0     26971       0.0      8535
         19.0       0.0     27044       0.0      8549
         19.1       0.0     27150       0.0      8577
         19.2       0.0     27213       0.0      8595
         19.3       0.0     27273       0.0      8616
         19.4       0.0     27359       0.0      8635
         19.5       0.0     27442       0.0      8658
         19.6       0.0     27539       0.0      8691
         19.7       0.0     27590       0.0      8707
         19.8       0.0     27658       0.0      8724
         19.9       0.0     27742       0.0      8754
         20.0       0.0     27829       0.0      8770
         20.1       0.0     27932       0.0      8810
         20.2       0.0     27993       0.0      8828
         20.3       0.0     28062       0.0      8849
         20.4       0.0     28134       0.0      8875
         20.5       0.0     28208       0.0      8897
         20.6       0.0     28300       0.0      8931
         20.7       0.0     28352       0.0      8952
         20.8       0.0     28409       0.0      8968
         20.9       0.0     28493       0.0      8986
         21.0       0.0     28563       0.0      9011
         21.1       0.0     28682       0.0      9035
         21.2       0.0     28741       0.0      9057
         21.3       0.0     28808       0.0      9076
         21.4       0.0     28905       0.0      9103
         21.5       0.0     28975       0.0      9127
         21.6       0.0     29067       0.0      9161
         21.7       0.0     29133       0.0      9183
         21.8       0.0     29222       0.0      9203
         21.9       0.0     29307       0.0      9228
         22.0       0.0     29371       0.0      9253
         22.1       0.0     29494       0.0      9281
         22.2       0.0     29546       0.0      9310
         22.3       0.0     29623       0.0      9328
         22.4       0.0     29716       0.0      9350
         22.5       0.0     29792       0.0      9367
         22.6       0.0     29883       0.0      9405
         22.7       0.0     29944       0.0      9416
         22.8       0.0     30001       0.0      9441
         22.9       0.0     30094       0.0      9458
         23.0       0.0     30172       0.0      9485
         23.1       0.0     30278       0.0      9530
         23.2       0.0     30346       0.0      9542
         23.3       0.0     30423       0.0      9564
         23.4       0.0     30510       0.0      9595
         23.5       0.0     30581       0.0      9607
         23.6       0.0     30666       0.0      9634
         23.7       0.0     30718       0.0      9651
         23.8       0.0     30799       0.0      9668
         23.9       0.0     30892       0.0      9692
         24.0       0.0     30964       0.0      9709
         24.1       0.0     31047       0.0      9742
         24.2       0.0     31100       0.0      9759
         24.3       0.0     31157       0.0      9784
         24.4       0.0     31256       0.0      9812
         24.5       0.0     31327       0.0      9837
         24.6       0.0     31421       0.0      9871
         24.7       0.0     31480       0.0      9886
         24.8       0.0     31534       0.0      9899
         24.9       0.0     31601       0.0      9930
         25.0       0.0     31659       0.0      9957
         25.1       0.0     31760       0.0      9986
         25.2       0.0     31807       0.0     10000
         25.3       0.0     31865       0.0     10021
         25.4       0.0     31951       0.0     10047
         25.5       0.0     32025       0.0     10070
         25.6       0.0     32100       0.0     10119
         25.7       0.0     32150       0.0     10143
         25.8       0.0     32209       0.1     10171
         25.9       0.0     32286       0.1     10190
         26.0       0.0     32348       0.2     10216
         26.1       0.0     32453       0.2     10242
         26.2       0.0     32506       0.2     10265
         26.3       0.0     32567       0.3     10288
         26.4       0.0     32647       0.3     10311
         26.5       0.0     32703       0.4     10336
         26.6       0.0     32801       0.4     10357
         26.7       0.0     32850       0.5     10375
         26.8       0.0     32921       0.5     10400
         26.9       0.0     32997       0.5     10428
         27.0       0.0     33067       0.6     10459
         27.1       0.0     33148       0.6     10485
         27.2       0.0     33199       0.6     10501
         27.3       0.0     33261       0.6     10523
         27.4       0.0     33332       0.7     10546
         27.5       0.0     33402       0.7     10577
         27.6       0.0     33499       0.7     10607
         27.7       0.0     33553       0.7     10627
         27.8       0.0     33674       0.8     10648
         27.9       0.1     33718       0.8     10672
         28.0       0.2     33808       0.8     10704
         28.1       0.2     33875       0.9     10728
         28.2       0.3     33941       0.9     10746
         28.3       0.4     34007       1.0     10767
         28.4       0.5     34087       1.0     10791
         28.5       0.5     34176       1.0     10823
         28.6       0.5     34256       1.0     10851
         28.7       0.6     34315       1.0     10869
         28.8       0.6     34387       1.0     10896
         28.9       0.7     34459       1.0     10922
         29.0       0.7     34535       1.0     10948
         29.1       0.8     34601       1.0     10971
         29.2       0.8     34651       1.0     10983
         29.3       0.8     34720       1.0     11003
         29.4       0.9     34790       1.0     11032
         29.5       0.9     34874       1.0     11062
         29.6       1.0     34948       1.0     11085
         29.7       1.0     34998       1.1     11108
         29.8       1.0     35068       1.1     11133
         29.9       1.0     35144       1.1     11161
         30.0       1.0     35216       1.2     11190
         30.1       1.0     35279       1.3     11208
         30.2       1.1     35328       1.3     11219
         30.3       1.1     35395       1.3     11239
         30.4       1.2     35469       1.4     11266
         30.5       1.2     35555       1.5     11294
         30.6       1.3     35627       1.5     11316
         30.7       1.3     35680       1.5     11327
         30.8       1.4     35750       1.6     11352
         30.9       1.5     35833       1.7     11386
         31.0       1.5     35926       1.8     11417
         31.1       1.6     36002       1.8     11440
         31.2       1.6     36057       1.8     11456
         31.3       1.7     36129       1.9     11474
         31.4       1.8     36202       1.9     11492
         31.5       1.9     36279       2.0     11511
         31.6       1.9     36344       2.0     11529
         31.7       1.9     36391       2.0     11542
         31.8       2.0     36450       2.0     11562
         31.9       2.0     36516       2.0     11581
         32.0       2.0     36587       2.0     11601
         32.1       2.0     36649       2.0     11624
         32.2       2.0     36700       2.0     11641
         32.3       2.0     36759       2.0     11663
         32.4       2.0     36823       2.0     11685
         32.5       2.1     36911       2.0     11705
         32.6       2.1     36978       2.0     11726
         32.7       2.2     37026       2.0     11745
         32.8       2.2     37092       2.0     11768
         32.9       2.3     37163       2.0     11786
         33.0       2.4     37238       2.1     11803
         33.1       2.5     37301       2.2     11818
         33.2       2.5     37361       2.2     11831
         33.3       2.6     37432       2.3     11851
         33.4       2.7     37498       2.3     11873
         33.5       2.7     37572       2.4     11896
         33.6       2.8     37636       2.5     11914
         33.7       2.9     37682       2.6     11936
         33.8       2.9     37739       2.7     11964
         33.9       3.0     37799       2.8     11983
         34.0       3.0     37866       2.8     12000
         34.1       3.0     37932       2.9     12020
         34.2       3.0     37988       3.0     12038
         34.3       3.0     38049       3.0     12058
         34.4       3.0     38109       3.0     12080
         34.5       3.0     38177       3.0     12105
         34.6       3.0     38249       3.0     12126
         34.7       3.0     38315       3.0     12142
         34.8       3.0     38386       3.0     12168
         34.9       3.0     38452       3.0     12192
         35.0       3.0     38515       3.0     12210
         35.1       3.0     38574       3.0     12230
         35.2       3.0     38616       3.0     12247
         35.3       3.0     38669       3.0     12270
         35.4       3.1     38731       3.0     12293
         35.5       3.2     38786       3.0     12317
         35.6       3.2     38829       3.0     12343
         35.7       3.3     38873       3.0     12361
         35.8       3.5     38938       3.0     12383
         35.9       3.6     38998       3.0     12401
         36.0       3.6     39062       3.0     12420
         36.1       3.8     39124       3.0     12442
         36.2       3.9     39171       3.0     12461
         36.3       3.9     39220       3.0     12487
         36.4       4.0     39274       3.0     12510
         36.5       4.1     39342       3.0     12532
         36.6       4.1     39402       3.0     12550
         36.7       4.2     39443       3.0     12562
         36.8       4.3     39493       3.0     12585
         36.9       4.4     39545       3.0     12610
         37.0       4.5     39607       3.0     12633
         37.1       4.7     39663       3.0     12653
         37.2       4.8     39706       3.0     12667
         37.3       5.0     39775       3.0     12686
         37.4       5.1     39842       3.0     12705
         37.5       5.1     39902       3.1     12724
         37.6       5.2     39960       3.2     12743
         37.7       5.3     40003       3.2     12756
         37.8       5.4     40054       3.3     12780
         37.9       5.6     40105       3.4     12803
         38.0       5.7     40160       3.5     12821
         38.1       5.8     40210       3.5     12836
         38.2       5.9     40247       3.6     12849
         38.3       6.1     40295       3.7     12867
         38.4       6.1     40343       3.8     12884
         38.5       6.1     40392       3.9     12903
         38.6       6.1     40438       4.1     12924
         38.7       6.1     40478       4.1     12937
         38.8       6.1     40534       4.3     12955
         38.9       6.3     40589       4.5     12977
         39.0       6.5     40632       4.8     13004
         39.1       6.5     40668       5.0     13023
         39.2       6.7     40699       5.0     13030
         39.3       6.8     40741       5.1     13043
         39.4       6.9     40789       5.1     13057
         39.5       7.1     40839       5.2     13074
         39.6       7.2     40882       5.3     13091
         39.7       7.3     40916       5.6     13105
         39.8       7.4     40953       5.9     13120
         39.9       7.6     40988       6.1     13131
         40.0       7.8     41029       6.1     13145
         40.1       8.0     41067       6.1     13163
         40.2       8.1     41101       6.1     13175
         40.3       8.2     41144       6.1     13188
         40.4       8.5     41188       6.1     13204
         40.5       8.8     41228       6.1     13220
         40.6       9.0     41266       6.6     13234
         40.7       9.1     41304       6.9     13242
         40.8       9.1     41343       7.2     13255
         40.9       9.1     41374       7.4     13265
         41.0       9.2     41414       7.8     13275
         41.1       9.5     41460       8.1     13286
         41.2       9.7     41496       8.1     13294
         41.3       9.9     41532       8.5     13300
         41.4      10.1     41569       8.7     13303
         41.5      10.2     41606       8.9     13307
         41.6      10.4     41641       9.1     13312
         41.7      10.8     41672       9.1     13315
         41.8      11.2     41707       9.1     13323
         41.9      11.6     41738       9.1     13332
         42.0      11.9     41769       9.1     13336
         42.1      12.2     41799       9.1     13341
         42.2      12.2     41821       9.2     13344
         42.3      12.2     41857       9.2     13350
         42.4      12.5     41890       9.5     13355
         42.5      12.7     41919      10.1     13359
         42.6      13.1     41949      10.2     13363
         42.7      13.5     41976      10.4     13371
         42.8      13.9     42007      10.8     13380
         42.9      14.2     42037      11.0     13386
         43.0      14.5     42073      11.3     13391
         43.1      14.9     42104      11.6     13395
         43.2      15.2     42128      12.2     13397
         43.3      15.2     42166      12.2     13402
         43.4      15.2     42206      12.2     13405
         43.5      15.6     42238      12.2     13409
         43.6      16.0     42264      12.2     13414
         43.7      16.2     42286      12.2     13416
         43.8      16.5     42309      12.2     13419
         43.9      16.9     42327      12.4     13424
         44.0      17.2     42356      12.6     13427
         44.1      17.4     42384      13.5     13430
         44.2      17.7     42401      13.7     13434
         44.3      18.0     42418      14.1     13438
         44.4      18.2     42441      14.2     13442
         44.5      18.2     42471      14.9     13444
         44.6      18.4     42497      14.9     13446
         44.7      18.9     42517      15.1     13447
         44.8      19.5     42544      15.2     13449
         44.9      20.1     42573      15.2     13451
         45.0      20.4     42598      15.2     13453
         45.1      20.8     42626      15.2     13457
         45.2      21.2     42651      15.2     13460
         45.3      21.4     42674      16.2     13465
         45.4      21.4     42700      16.7     13469
         45.5      21.6     42727      16.7     13472
         45.6      22.3     42745      17.0     13475
         45.7      22.6     42766      17.2     13478
         45.8      23.1     42797      17.5     13482
         45.9      23.5     42822      18.2     13484
         46.0      24.1     42844      18.2     13484
         46.1      24.4     42870      18.2     13485
         46.2      24.4     42889      18.2     13485
         46.3      24.8     42905      18.2     13486
         46.4      25.4     42924      18.2     13489
         46.5      26.1     42949      18.2     13491
         46.6      26.4     42970      21.4     13492
         46.7      26.7     42987      21.4     13495
         46.8      27.1     43009      21.4     13496
         46.9      27.5     43028      21.4     13497
         47.0      27.5     43046      21.4     13498
         47.1      28.0     43070      21.9     13501
         47.2      28.5     43097      22.2     13503
         47.3      29.0     43119      22.4     13505
         47.4      30.0     43141      22.4     13506
         47.5      30.5     43164      22.4     13508
         47.6      30.7     43184      23.1     13510
         47.7      31.5     43203      23.7     13514
         47.8      32.1     43224      24.4     13517
         47.9      32.8     43243      24.4     13519
         48.0      33.5     43261      24.4     13521
         48.1      34.1     43276      24.4     13522
         48.2      34.7     43292      24.4     13523
         48.3      35.4     43314      24.4     13525
         48.4      35.9     43331      24.4     13527
         48.5      36.4     43345      25.5     13531
         48.6      36.6     43360      26.4     13533
         48.7      37.2     43375      26.8     13534
         48.8      38.0     43389      27.1     13536
         48.9      38.7     43401      27.3     13537
         49.0      39.3     43421      27.5     13539
         49.1      39.9     43440      27.5     13540
         49.2      40.6     43454      27.5     13541
         49.3      41.3     43472      27.5     13542
         49.4      41.7     43488      27.5     13544
         49.5      42.4     43507      27.5     13546
         49.6      42.7     43521      27.6     13549
         49.7      42.9     43535      27.6     13551
         49.8      43.5     43550      27.6     13553
         49.9      43.7     43560      29.8     13555
         50.0      44.3     43573      29.8     13557
         50.1      44.8     43585      30.9     13560
         50.2      45.2     43594      32.1     13562
         50.3      45.5     43605      32.7     13565
         50.4      46.2     43617      33.0     13566
         50.5      47.5     43635      33.3     13567
         50.6      48.6     43648      33.4     13569
         50.7      48.8     43660      33.5     13571
         50.8      50.5     43676      34.2     13574
         50.9      51.8     43689      36.2     13576
         51.0      52.5     43701      36.2     13577
         51.1      53.0     43709      36.6     13580
         51.2      53.5     43716      37.2     13582
         51.3      54.8     43729      38.0     13584
         51.4      55.4     43739      38.8     13586
         51.5      56.5     43747      41.4     13590
         51.6      59.0     43756      41.7     13591
         51.7      59.8     43769      42.0     13592
         51.8      61.7     43785      43.1     13593
         51.9      62.2     43792      44.3     13594
         52.0      63.3     43799      45.4     13596
         52.1      64.0     43807      46.2     13597
         52.2      65.0     43815      46.2     13598
         52.3      66.6     43825      46.2     13599
         52.4      67.0     43830      48.3     13601
         52.5      67.1     43838      48.3     13602
         52.6      67.3     43846      49.5     13603
         52.7      70.4     43850      50.6     13606
         52.8      71.0     43857      51.2     13608
         52.9      72.7     43864      53.4     13610
         53.0      74.6     43870      55.7     13613
         53.1      76.2     43874      63.8     13615
         53.2      76.2     43878      63.8     13617
         53.3      78.1     43886      65.4     13620
         53.4      80.0     43893      67.1     13622
         53.5      81.3     43899      72.1     13625
         53.6      82.3     43904      72.8     13625
         53.7      82.3     43907      73.4     13626
         53.8      83.0     43913      74.1     13627
         53.9      84.1     43918      74.1     13627
         54.0      84.7     43922      74.1     13628
         54.1      85.4     43925      75.3     13629
         54.2      85.9     43928      76.5     13630
         54.3      88.4     43933      76.5     13631
         54.4      88.8     43939      79.7     13632
         54.5      91.4     43943      82.8     13633
         54.6      91.5     43945      82.8     13633
         54.7      91.7     43948      82.8     13634
         54.8      92.0     43950      82.8     13635
         54.9      92.5     43952      83.4     13637
         55.0      93.6     43955      83.4     13638
         55.1      96.8     43957      84.0     13639
         55.2      96.9     43959      84.0     13639
         55.3      97.1     43961      84.0     13639
         55.4      97.8     43962      99.9    279171
         55.5      98.4     43963     101.9    279193
         55.6      98.4     43965     103.8    279209
         55.7     105.2     43966     104.6    279217
         55.8     106.2     43969     105.6    279231
         55.9     106.7     43971     106.8    279246
         56.0     106.8     43973     108.4    279260
         56.1     106.8     43974     110.4    279273
         56.2     110.3     43975     111.5    279283
         56.3     113.7     43977     112.6    279294
         56.4     113.9     43977     113.3    279304
         56.5     114.0     43977     114.6    279313
         56.6     115.7    279321     115.7    279321
         56.7     117.6    279326     117.6    279326
         56.8     118.3    279333     118.3    279333
         56.9     118.9    279342     118.9    279342
         57.0     120.3    279354     120.3    279354
         57.1     121.9    279362     121.9    279362
         57.2     123.0    279369     123.0    279369
         57.3     126.6    279380     126.6    279380
         57.4     129.3    279390     129.3    279390
         57.5     130.8    279395     130.8    279395
         57.6     134.1    279399     134.1    279399
         57.7     135.5    279405     135.5    279405
         57.8     137.1    279413     137.1    279413
         57.9     139.4    279419     139.4    279419
         58.0     145.5    279426     145.5    279426
         58.1     148.1    279431     148.1    279431
         58.2     148.1    279432     148.1    279432
         58.3     148.3    279435     148.3    279435
         58.4     148.3    279438     148.3    279438
         58.5     149.9    279441     149.9    279441
         58.6     153.0    279443     153.0    279443
         58.7     158.5    279445     158.5    279445
         58.8     158.5    279446     158.5    279446
         58.9     158.5    279448     158.5    279448
         59.0     158.5    279451     158.5    279451
         59.1     158.5    279452     158.5    279452
         59.2     158.5    279454     158.5    279454
         59.3     158.5    279458     158.5    279458
         59.4     158.5    279462     158.5    279462
         59.5     158.5    279462     158.5    279462
         59.6     158.5    279463     158.5    279463
         59.7     159.9    279465     159.9    279465
         59.8     161.2    279467     161.2    279467
         59.9     163.6    279471     163.6    279471
         60.0     165.7    279473     165.7    279473
         60.1     167.1    279474     167.1    279474
         60.2     168.6    279475     168.6    279475
         60.3     174.4    279479     174.4    279479
         60.4     176.8    279481     176.8    279481
         60.5     176.8    279482     176.8    279482
         60.6     176.8    279482     176.8    279482
         60.7     176.8    279483     176.8    279483
         60.8     182.9    279484     182.9    279484
         60.9     182.9    279484     182.9    279484
         61.0     182.9    279485     182.9    279485
         61.1     182.9    279485     182.9    279485
         61.2     182.9    279485     182.9    279485
         61.3     182.9    279486     182.9    279486
         61.4     183.7    279486     183.7    279486
         61.5     184.5    279486     184.5    279486
         61.6     185.3    279487     185.3    279487
         61.7     186.1    279487     186.1    279487
         61.8     186.9    279488     186.9    279488
         61.9     243.8    279490     243.8    279490
         62.0     243.8    279490     243.8    279490
         62.1     243.8    279490     243.8    279490
         62.2     243.8    279490     243.8    279490
         62.3     243.8    279490     243.8    279490
         62.4     243.8    279490     243.8    279490
         62.5     243.8    279490     243.8    279490
         62.6     243.8    279490     243.8    279490
         62.7     243.8    279490     243.8    279490
         62.8     243.8    279491     243.8    279491
         62.9     243.8    279491     243.8    279491
         63.0     243.8    279491     243.8    279491
         63.1     243.8    279491     243.8    279491
         63.2     243.8    279492     243.8    279492
         63.3     244.4    279492     244.4    279492
         63.4     245.0    279492     245.0    279492
         63.5     245.6    279492     245.6    279492
         63.6     246.2    279492     246.2    279492
         63.7     246.8    279493     246.8    279493
         63.8     246.8    279493     246.8    279493
         63.9     246.8    279493     246.8    279493
         64.0     246.8    279493     246.8    279493
         64.1     246.8    279494     246.8    279494
         64.2     246.8    279494     246.8    279494
         64.3     246.8    279494     246.8    279494
         64.4     246.8    279494     246.8    279494
         64.5     246.8    279494     246.8    279494
         64.6     246.8    279494     246.8    279494
         64.7     246.8    279494     246.8    279494
         64.8     246.8    279494     246.8    279494
         64.9     246.8    279495     246.8    279495
         65.0     246.8         0     246.8         0
         65.1     246.8         0     246.8         0
         65.2     246.8         0     246.8         0
         65.3     246.8         0     246.8         0
         65.4     246.8         0     246.8         0
         65.5     246.8         0     246.8         0
         65.6     246.8         0     246.8         0
         65.7     246.8         0     246.8         0
         65.8     246.8         0     246.8         0
         65.9     246.8         0     246.8         0
         66.0     246.8         0     246.8         0
         66.1     246.8         0     246.8         0
         66.2     246.8         0     246.8         0
         66.3     246.8         0     246.8         0
         66.4     246.8         0     246.8         0
         66.5     246.8         0     246.8         0
         66.6     246.8         0     246.8         0
         66.7     246.8         0     246.8         0
         66.8     246.8         0     246.8         0
         66.9     246.8         0     246.8         0
         67.0     246.8         0     246.8         0
         67.1     246.8         0     246.8         0
         67.2     246.8         0     246.8         0
         67.3     246.8         0     246.8         0
         67.4     246.8         0     246.8         0
         67.5     246.8         0     246.8         0
         67.6     246.8         0     246.8         0
         67.7     246.8         0     246.8         0
         67.8     246.8         0     246.8         0
         67.9     246.8         0     246.8         0
         68.0     246.8         0     246.8         0
         68.1     246.8         0     246.8         0
         68.2     246.8         0     246.8         0
         68.3     246.8         0     246.8         0
         68.4     246.8         0     246.8         0
         68.5     246.8         0     246.8         0
         68.6     246.8         0     246.8         0
         68.7     246.8         0     246.8         0
         68.8     246.8         0     246.8         0
         68.9     246.8         0     246.8         0
         69.0     246.8         0     246.8         0
         69.1     246.8         0     246.8         0
         69.2     246.8         0     246.8         0
         69.3     246.8         0     246.8         0
         69.4     246.8         0     246.8         0
         69.5     246.8         0     246.8         0
         69.6     246.8         0     246.8         0
         69.7     246.8         0     246.8         0
         69.8     246.8         0     246.8         0
         69.9     246.8         0     246.8         0
         70.0     246.8         0     246.8         0
 R Gage, NW:    915.722      1148   168.035       389
